<?xml version="1.0" encoding="UTF-8"?>
<testng-results skipped="0" failed="0" ignored="0" total="5" passed="5">
  <reporter-output>
  </reporter-output>
  <suite name="Default suite" duration-ms="47082" started-at="2019-03-13T05:39:13Z" finished-at="2019-03-13T05:40:00Z">
    <groups>
    </groups>
    <test name="Default test" duration-ms="47082" started-at="2019-03-13T05:39:13Z" finished-at="2019-03-13T05:40:00Z">
      <class name="com.mjitech.qa.test.Login">
        <test-method status="PASS" signature="login(java.lang.String, java.lang.String)[pri:0, instance:com.mjitech.qa.test.Login@3ecd23d9]" name="login" duration-ms="46604" started-at="2019-03-13T05:39:13Z" data-provider="loginFenJian" finished-at="2019-03-13T05:40:00Z">
          <params>
            <param index="0">
              <value>
                <![CDATA[fenjian]]>
              </value>
            </param>
            <param index="1">
              <value>
                <![CDATA[yier34wu6]]>
              </value>
            </param>
          </params>
          <reporter-output>
          </reporter-output>
        </test-method> <!-- login -->
        <test-method status="PASS" signature="login(java.lang.String, java.lang.String)[pri:0, instance:com.mjitech.qa.test.Login@3ecd23d9]" name="login" duration-ms="139" started-at="2019-03-13T05:40:00Z" data-provider="loginFenJian" finished-at="2019-03-13T05:40:00Z">
          <params>
            <param index="0">
              <value>
                <![CDATA[dabao]]>
              </value>
            </param>
            <param index="1">
              <value>
                <![CDATA[yier34wu6]]>
              </value>
            </param>
          </params>
          <reporter-output>
          </reporter-output>
        </test-method> <!-- login -->
        <test-method status="PASS" signature="login(java.lang.String, java.lang.String)[pri:0, instance:com.mjitech.qa.test.Login@3ecd23d9]" name="login" duration-ms="118" started-at="2019-03-13T05:40:00Z" data-provider="loginFenJian" finished-at="2019-03-13T05:40:00Z">
          <params>
            <param index="0">
              <value>
                <![CDATA[peisong]]>
              </value>
            </param>
            <param index="1">
              <value>
                <![CDATA[yier34wu6]]>
              </value>
            </param>
          </params>
          <reporter-output>
          </reporter-output>
        </test-method> <!-- login -->
        <test-method status="PASS" signature="login(java.lang.String, java.lang.String)[pri:0, instance:com.mjitech.qa.test.Login@3ecd23d9]" name="login" duration-ms="94" started-at="2019-03-13T05:40:00Z" data-provider="loginFenJian" finished-at="2019-03-13T05:40:00Z">
          <params>
            <param index="0">
              <value>
                <![CDATA[jiqikuguan]]>
              </value>
            </param>
            <param index="1">
              <value>
                <![CDATA[yier34wu6]]>
              </value>
            </param>
          </params>
          <reporter-output>
          </reporter-output>
        </test-method> <!-- login -->
        <test-method status="PASS" signature="login(java.lang.String, java.lang.String)[pri:0, instance:com.mjitech.qa.test.Login@3ecd23d9]" name="login" duration-ms="68" started-at="2019-03-13T05:40:00Z" data-provider="loginFenJian" finished-at="2019-03-13T05:40:00Z">
          <params>
            <param index="0">
              <value>
                <![CDATA[gangwang@mjitech.com]]>
              </value>
            </param>
            <param index="1">
              <value>
                <![CDATA[1234456]]>
              </value>
            </param>
          </params>
          <reporter-output>
          </reporter-output>
        </test-method> <!-- login -->
      </class> <!-- com.mjitech.qa.test.Login -->
    </test> <!-- Default test -->
  </suite> <!-- Default suite -->
</testng-results>
